{"/Users/n/code/ac/index.js":{"path":"/Users/n/code/ac/index.js","s":{"1":1,"2":1,"3":1,"4":1,"5":1,"6":1,"7":0,"8":0,"9":1,"10":0,"11":0,"12":0,"13":0,"14":0,"15":0,"16":0,"17":0,"18":1,"19":0,"20":0,"21":0,"22":0,"23":1,"24":0,"25":0,"26":0,"27":0,"28":0,"29":1,"30":0,"31":0,"32":0,"33":0,"34":0,"35":0,"36":0,"37":1},"b":{"1":[0,1],"2":[0,0]},"f":{"1":1,"2":0,"3":0,"4":0,"5":0,"6":0,"7":0,"8":0,"9":0,"10":0,"11":0,"12":0,"13":0},"fnMap":{"1":{"name":"(anonymous_1)","line":7,"loc":{"start":{"line":7,"column":15},"end":{"line":7,"column":37}}},"2":{"name":"(anonymous_2)","line":16,"loc":{"start":{"line":16,"column":12},"end":{"line":16,"column":31}}},"3":{"name":"(anonymous_3)","line":23,"loc":{"start":{"line":23,"column":18},"end":{"line":23,"column":34}}},"4":{"name":"(anonymous_4)","line":31,"loc":{"start":{"line":31,"column":11},"end":{"line":31,"column":31}}},"5":{"name":"(anonymous_5)","line":34,"loc":{"start":{"line":34,"column":16},"end":{"line":34,"column":30}}},"6":{"name":"(anonymous_6)","line":37,"loc":{"start":{"line":37,"column":15},"end":{"line":37,"column":25}}},"7":{"name":"(anonymous_7)","line":43,"loc":{"start":{"line":43,"column":15},"end":{"line":43,"column":40}}},"8":{"name":"(anonymous_8)","line":47,"loc":{"start":{"line":47,"column":16},"end":{"line":47,"column":32}}},"9":{"name":"(anonymous_9)","line":50,"loc":{"start":{"line":50,"column":15},"end":{"line":50,"column":27}}},"10":{"name":"(anonymous_10)","line":55,"loc":{"start":{"line":55,"column":24},"end":{"line":55,"column":49}}},"11":{"name":"(anonymous_11)","line":56,"loc":{"start":{"line":56,"column":15},"end":{"line":56,"column":35}}},"12":{"name":"(anonymous_12)","line":59,"loc":{"start":{"line":59,"column":24},"end":{"line":59,"column":39}}},"13":{"name":"(anonymous_13)","line":66,"loc":{"start":{"line":66,"column":19},"end":{"line":66,"column":39}}}},"statementMap":{"1":{"start":{"line":1,"column":0},"end":{"line":1,"column":12}},"2":{"start":{"line":2,"column":0},"end":{"line":2,"column":23}},"3":{"start":{"line":3,"column":0},"end":{"line":3,"column":29}},"4":{"start":{"line":4,"column":0},"end":{"line":4,"column":34}},"5":{"start":{"line":7,"column":0},"end":{"line":13,"column":3}},"6":{"start":{"line":9,"column":2},"end":{"line":12,"column":3}},"7":{"start":{"line":10,"column":4},"end":{"line":10,"column":51},"skip":true},"8":{"start":{"line":11,"column":4},"end":{"line":11,"column":38},"skip":true},"9":{"start":{"line":16,"column":0},"end":{"line":29,"column":2}},"10":{"start":{"line":18,"column":2},"end":{"line":19,"column":17}},"11":{"start":{"line":20,"column":4},"end":{"line":20,"column":15}},"12":{"start":{"line":22,"column":4},"end":{"line":22,"column":27}},"13":{"start":{"line":23,"column":4},"end":{"line":26,"column":7}},"14":{"start":{"line":24,"column":6},"end":{"line":24,"column":25}},"15":{"start":{"line":25,"column":6},"end":{"line":25,"column":11}},"16":{"start":{"line":27,"column":4},"end":{"line":27,"column":18}},"17":{"start":{"line":28,"column":4},"end":{"line":28,"column":17}},"18":{"start":{"line":31,"column":0},"end":{"line":41,"column":2}},"19":{"start":{"line":32,"column":2},"end":{"line":32,"column":16}},"20":{"start":{"line":33,"column":2},"end":{"line":40,"column":7}},"21":{"start":{"line":35,"column":6},"end":{"line":35,"column":14}},"22":{"start":{"line":39,"column":6},"end":{"line":39,"column":28}},"23":{"start":{"line":43,"column":0},"end":{"line":53,"column":2}},"24":{"start":{"line":44,"column":2},"end":{"line":44,"column":17}},"25":{"start":{"line":45,"column":2},"end":{"line":45,"column":24}},"26":{"start":{"line":46,"column":2},"end":{"line":52,"column":7}},"27":{"start":{"line":48,"column":6},"end":{"line":48,"column":23}},"28":{"start":{"line":51,"column":6},"end":{"line":51,"column":28}},"29":{"start":{"line":55,"column":0},"end":{"line":73,"column":2}},"30":{"start":{"line":56,"column":2},"end":{"line":72,"column":5}},"31":{"start":{"line":57,"column":4},"end":{"line":57,"column":35}},"32":{"start":{"line":59,"column":4},"end":{"line":71,"column":7}},"33":{"start":{"line":61,"column":6},"end":{"line":63,"column":7}},"34":{"start":{"line":62,"column":8},"end":{"line":62,"column":42},"skip":true},"35":{"start":{"line":66,"column":6},"end":{"line":70,"column":9}},"36":{"start":{"line":69,"column":8},"end":{"line":69,"column":30}},"37":{"start":{"line":76,"column":0},"end":{"line":76,"column":20}}},"branchMap":{"1":{"line":9,"type":"if","locations":[{"start":{"line":9,"column":2},"end":{"line":9,"column":2},"skip":true},{"start":{"line":9,"column":2},"end":{"line":9,"column":2}}]},"2":{"line":61,"type":"if","locations":[{"start":{"line":61,"column":6},"end":{"line":61,"column":6},"skip":true},{"start":{"line":61,"column":6},"end":{"line":61,"column":6}}]}}}}