{"/Users/n/code/ac/index.js":{"path":"/Users/n/code/ac/index.js","s":{"1":1,"2":1,"3":1,"4":1,"5":1,"6":1,"7":1,"8":1,"9":1,"10":1,"11":354986,"12":354984,"13":1,"14":1,"15":1,"16":1,"17":1,"18":1,"19":1,"20":354983,"21":1,"22":1,"23":1,"24":0,"25":0,"26":1},"b":{"1":[354984,2],"2":[1,0],"3":[1,0],"4":[0,0]},"f":{"1":1,"2":1,"3":354986,"4":1,"5":354983,"6":1,"7":0},"fnMap":{"1":{"name":"(anonymous_1)","line":6,"loc":{"start":{"line":6,"column":10},"end":{"line":6,"column":21}}},"2":{"name":"(anonymous_2)","line":11,"loc":{"start":{"line":11,"column":12},"end":{"line":11,"column":31}}},"3":{"name":"(anonymous_3)","line":18,"loc":{"start":{"line":18,"column":18},"end":{"line":18,"column":34}}},"4":{"name":"(anonymous_4)","line":30,"loc":{"start":{"line":30,"column":11},"end":{"line":30,"column":31}}},"5":{"name":"(anonymous_5)","line":33,"loc":{"start":{"line":33,"column":16},"end":{"line":33,"column":30}}},"6":{"name":"(anonymous_6)","line":36,"loc":{"start":{"line":36,"column":15},"end":{"line":36,"column":25}}},"7":{"name":"(anonymous_7)","line":42,"loc":{"start":{"line":42,"column":17},"end":{"line":42,"column":32}}}},"statementMap":{"1":{"start":{"line":1,"column":0},"end":{"line":1,"column":12}},"2":{"start":{"line":2,"column":0},"end":{"line":2,"column":23}},"3":{"start":{"line":3,"column":0},"end":{"line":3,"column":29}},"4":{"start":{"line":4,"column":0},"end":{"line":4,"column":44}},"5":{"start":{"line":6,"column":0},"end":{"line":8,"column":2}},"6":{"start":{"line":7,"column":4},"end":{"line":7,"column":22}},"7":{"start":{"line":11,"column":0},"end":{"line":28,"column":2}},"8":{"start":{"line":13,"column":2},"end":{"line":14,"column":17}},"9":{"start":{"line":17,"column":4},"end":{"line":17,"column":27}},"10":{"start":{"line":18,"column":4},"end":{"line":22,"column":7}},"11":{"start":{"line":19,"column":6},"end":{"line":21,"column":7}},"12":{"start":{"line":20,"column":8},"end":{"line":20,"column":27}},"13":{"start":{"line":23,"column":4},"end":{"line":23,"column":18}},"14":{"start":{"line":24,"column":4},"end":{"line":24,"column":26}},"15":{"start":{"line":25,"column":4},"end":{"line":27,"column":5}},"16":{"start":{"line":26,"column":6},"end":{"line":26,"column":28}},"17":{"start":{"line":30,"column":0},"end":{"line":47,"column":2}},"18":{"start":{"line":31,"column":2},"end":{"line":31,"column":16}},"19":{"start":{"line":32,"column":2},"end":{"line":46,"column":7}},"20":{"start":{"line":34,"column":6},"end":{"line":34,"column":14}},"21":{"start":{"line":37,"column":6},"end":{"line":37,"column":36}},"22":{"start":{"line":38,"column":6},"end":{"line":40,"column":7}},"23":{"start":{"line":39,"column":8},"end":{"line":39,"column":30}},"24":{"start":{"line":43,"column":6},"end":{"line":45,"column":7}},"25":{"start":{"line":44,"column":8},"end":{"line":44,"column":22}},"26":{"start":{"line":49,"column":0},"end":{"line":49,"column":20}}},"branchMap":{"1":{"line":19,"type":"if","locations":[{"start":{"line":19,"column":6},"end":{"line":19,"column":6}},{"start":{"line":19,"column":6},"end":{"line":19,"column":6}}]},"2":{"line":25,"type":"if","locations":[{"start":{"line":25,"column":4},"end":{"line":25,"column":4}},{"start":{"line":25,"column":4},"end":{"line":25,"column":4}}]},"3":{"line":38,"type":"if","locations":[{"start":{"line":38,"column":6},"end":{"line":38,"column":6}},{"start":{"line":38,"column":6},"end":{"line":38,"column":6}}]},"4":{"line":43,"type":"if","locations":[{"start":{"line":43,"column":6},"end":{"line":43,"column":6}},{"start":{"line":43,"column":6},"end":{"line":43,"column":6}}]}}}}