TN:
SF:/Users/n/code/ac/index.js
FN:6,(anonymous_1)
FN:11,(anonymous_2)
FN:18,(anonymous_3)
FN:28,(anonymous_4)
FN:31,(anonymous_5)
FN:34,(anonymous_6)
FNF:6
FNH:6
FNDA:1,(anonymous_1)
FNDA:1,(anonymous_2)
FNDA:235886,(anonymous_3)
FNDA:1,(anonymous_4)
FNDA:235886,(anonymous_5)
FNDA:1,(anonymous_6)
DA:1,1
DA:2,1
DA:3,1
DA:4,1
DA:6,1
DA:7,1
DA:11,1
DA:13,1
DA:17,1
DA:18,1
DA:20,235886
DA:23,1
DA:24,1
DA:25,1
DA:28,1
DA:29,1
DA:30,1
DA:32,235886
DA:36,1
DA:40,1
LF:20
LH:20
BRF:0
BRH:0
end_of_record
