TN:
SF:/Users/n/code/ac/index.js
FN:6,(anonymous_1)
FN:11,(anonymous_2)
FN:18,(anonymous_3)
FN:30,(anonymous_4)
FN:33,(anonymous_5)
FN:36,(anonymous_6)
FN:42,(anonymous_7)
FNF:7
FNH:6
FNDA:1,(anonymous_1)
FNDA:1,(anonymous_2)
FNDA:354986,(anonymous_3)
FNDA:1,(anonymous_4)
FNDA:354983,(anonymous_5)
FNDA:1,(anonymous_6)
FNDA:0,(anonymous_7)
DA:1,1
DA:2,1
DA:3,1
DA:4,1
DA:6,1
DA:7,1
DA:11,1
DA:13,1
DA:17,1
DA:18,1
DA:19,354986
DA:20,354984
DA:23,1
DA:24,1
DA:25,1
DA:26,1
DA:30,1
DA:31,1
DA:32,1
DA:34,354983
DA:37,1
DA:38,1
DA:39,1
DA:43,0
DA:44,0
DA:49,1
LF:26
LH:24
BRDA:19,1,0,354984
BRDA:19,1,1,2
BRDA:25,2,0,1
BRDA:25,2,1,0
BRDA:38,3,0,1
BRDA:38,3,1,0
BRDA:43,4,0,0
BRDA:43,4,1,0
BRF:8
BRH:4
end_of_record
